D:\PLAB-C\11\44\DEBUG\44.EXE.EMBED.MANIFEST
D:\PLAB-C\11\44\DEBUG\44.EXE.EMBED.MANIFEST.RES
D:\PLAB-C\11\44\DEBUG\44.EXE.INTERMEDIATE.MANIFEST
D:\PLAB-C\11\44\DEBUG\44.OBJ
D:\plab-c\11\44\Debug\44.write.1.tlog
D:\plab-c\11\44\Debug\44_manifest.rc
D:\plab-c\11\44\Debug\cl.command.1.tlog
D:\plab-c\11\44\Debug\CL.read.1.tlog
D:\plab-c\11\44\Debug\CL.write.1.tlog
D:\plab-c\11\44\Debug\link.6836.read.1.tlog
D:\plab-c\11\44\Debug\link.6836.write.1.tlog
D:\plab-c\11\44\Debug\link.6836-cvtres.read.1.tlog
D:\plab-c\11\44\Debug\link.6836-cvtres.write.1.tlog
D:\plab-c\11\44\Debug\link.command.1.tlog
D:\plab-c\11\44\Debug\link.read.1.tlog
D:\plab-c\11\44\Debug\link.write.1.tlog
D:\plab-c\11\44\Debug\link-cvtres.read.1.tlog
D:\plab-c\11\44\Debug\link-cvtres.write.1.tlog
D:\plab-c\11\44\Debug\mt.command.1.tlog
D:\plab-c\11\44\Debug\mt.read.1.tlog
D:\plab-c\11\44\Debug\mt.write.1.tlog
D:\plab-c\11\44\Debug\rc.command.1.tlog
D:\plab-c\11\44\Debug\rc.read.1.tlog
D:\plab-c\11\44\Debug\rc.write.1.tlog
D:\plab-c\11\44\Debug\vc100.idb
D:\PLAB-C\11\44\DEBUG\VC100.PDB
D:\PLAB-C\11\DEBUG\44.EXE
D:\PLAB-C\11\DEBUG\44.ILK
D:\PLAB-C\11\DEBUG\44.PDB
