D:\PLAB-C\11\22\DEBUG\2.OBJ
D:\PLAB-C\11\22\DEBUG\22.EXE.EMBED.MANIFEST
D:\PLAB-C\11\22\DEBUG\22.EXE.EMBED.MANIFEST.RES
D:\PLAB-C\11\22\DEBUG\22.EXE.INTERMEDIATE.MANIFEST
D:\plab-c\11\22\Debug\22.write.1.tlog
D:\plab-c\11\22\Debug\22_manifest.rc
D:\plab-c\11\22\Debug\cl.command.1.tlog
D:\plab-c\11\22\Debug\CL.read.1.tlog
D:\plab-c\11\22\Debug\CL.write.1.tlog
D:\plab-c\11\22\Debug\link.5668.read.1.tlog
D:\plab-c\11\22\Debug\link.5668.write.1.tlog
D:\plab-c\11\22\Debug\link.5668-cvtres.read.1.tlog
D:\plab-c\11\22\Debug\link.5668-cvtres.write.1.tlog
D:\plab-c\11\22\Debug\link.6500.read.1.tlog
D:\plab-c\11\22\Debug\link.6500.write.1.tlog
D:\plab-c\11\22\Debug\link.6500-cvtres.read.1.tlog
D:\plab-c\11\22\Debug\link.6500-cvtres.write.1.tlog
D:\plab-c\11\22\Debug\link.command.1.tlog
D:\plab-c\11\22\Debug\link.read.1.tlog
D:\plab-c\11\22\Debug\link.write.1.tlog
D:\plab-c\11\22\Debug\link-cvtres.read.1.tlog
D:\plab-c\11\22\Debug\link-cvtres.write.1.tlog
D:\plab-c\11\22\Debug\mt.command.1.tlog
D:\plab-c\11\22\Debug\mt.read.1.tlog
D:\plab-c\11\22\Debug\mt.write.1.tlog
D:\plab-c\11\22\Debug\rc.command.1.tlog
D:\plab-c\11\22\Debug\rc.read.1.tlog
D:\plab-c\11\22\Debug\rc.write.1.tlog
D:\plab-c\11\22\Debug\vc100.idb
D:\PLAB-C\11\22\DEBUG\VC100.PDB
D:\PLAB-C\11\DEBUG\22.EXE
D:\PLAB-C\11\DEBUG\22.ILK
D:\PLAB-C\11\DEBUG\22.PDB
