D:\PLAB-C\11\11\DEBUG\11.EXE.EMBED.MANIFEST
D:\PLAB-C\11\11\DEBUG\11.EXE.EMBED.MANIFEST.RES
D:\plab-c\11\11\Debug\11.exe.intermediate.manifest
D:\PLAB-C\11\11\DEBUG\11.OBJ
D:\plab-c\11\11\Debug\11.vcxprojResolveAssemblyReference.cache
D:\plab-c\11\11\Debug\11.write.1.tlog
D:\plab-c\11\11\Debug\11_manifest.rc
D:\plab-c\11\11\Debug\cl.command.1.tlog
D:\plab-c\11\11\Debug\CL.read.1.tlog
D:\plab-c\11\11\Debug\CL.write.1.tlog
D:\plab-c\11\11\Debug\link.6672.read.1.tlog
D:\plab-c\11\11\Debug\link.6672.write.1.tlog
D:\plab-c\11\11\Debug\link.6672-cvtres.read.1.tlog
D:\plab-c\11\11\Debug\link.6672-cvtres.write.1.tlog
D:\plab-c\11\11\Debug\link.command.1.tlog
D:\plab-c\11\11\Debug\link.read.1.tlog
D:\plab-c\11\11\Debug\link.write.1.tlog
D:\plab-c\11\11\Debug\link-cvtres.read.1.tlog
D:\plab-c\11\11\Debug\link-cvtres.write.1.tlog
D:\plab-c\11\11\Debug\mt.command.1.tlog
D:\plab-c\11\11\Debug\mt.read.1.tlog
D:\plab-c\11\11\Debug\mt.write.1.tlog
D:\plab-c\11\11\Debug\rc.command.1.tlog
D:\plab-c\11\11\Debug\rc.read.1.tlog
D:\plab-c\11\11\Debug\rc.write.1.tlog
D:\plab-c\11\11\Debug\vc100.idb
D:\PLAB-C\11\11\DEBUG\VC100.PDB
D:\plab-c\11\Debug\11.exe
D:\plab-c\11\Debug\11.ilk
D:\plab-c\11\Debug\11.pdb
