D:\PLAB-C\11\33\DEBUG\33.EXE.EMBED.MANIFEST
D:\PLAB-C\11\33\DEBUG\33.EXE.EMBED.MANIFEST.RES
D:\PLAB-C\11\33\DEBUG\33.EXE.INTERMEDIATE.MANIFEST
D:\PLAB-C\11\33\DEBUG\33.OBJ
D:\plab-c\11\33\Debug\33.write.1.tlog
D:\plab-c\11\33\Debug\33_manifest.rc
D:\plab-c\11\33\Debug\cl.command.1.tlog
D:\plab-c\11\33\Debug\CL.read.1.tlog
D:\plab-c\11\33\Debug\CL.write.1.tlog
D:\plab-c\11\33\Debug\link.6584.read.1.tlog
D:\plab-c\11\33\Debug\link.6584.write.1.tlog
D:\plab-c\11\33\Debug\link.6584-cvtres.read.1.tlog
D:\plab-c\11\33\Debug\link.6584-cvtres.write.1.tlog
D:\plab-c\11\33\Debug\link.command.1.tlog
D:\plab-c\11\33\Debug\link.read.1.tlog
D:\plab-c\11\33\Debug\link.write.1.tlog
D:\plab-c\11\33\Debug\link-cvtres.read.1.tlog
D:\plab-c\11\33\Debug\link-cvtres.write.1.tlog
D:\plab-c\11\33\Debug\mt.command.1.tlog
D:\plab-c\11\33\Debug\mt.read.1.tlog
D:\plab-c\11\33\Debug\mt.write.1.tlog
D:\plab-c\11\33\Debug\rc.command.1.tlog
D:\plab-c\11\33\Debug\rc.read.1.tlog
D:\plab-c\11\33\Debug\rc.write.1.tlog
D:\plab-c\11\33\Debug\vc100.idb
D:\PLAB-C\11\33\DEBUG\VC100.PDB
D:\PLAB-C\11\DEBUG\33.EXE
D:\PLAB-C\11\DEBUG\33.ILK
D:\PLAB-C\11\DEBUG\33.PDB
